0 info it worked if it ends with ok
1 verbose cli [ '/usr/bin/nodejs', '/usr/bin/npm', 'publish' ]
2 info using npm@3.10.10
3 info using node@v6.11.0
4 verbose publish [ '.' ]
5 silly cache add args [ '.', null ]
6 verbose cache add spec .
7 silly cache add parsed spec Result {
7 silly cache add   raw: '.',
7 silly cache add   scope: null,
7 silly cache add   escapedName: null,
7 silly cache add   name: null,
7 silly cache add   rawSpec: '.',
7 silly cache add   spec: '/home/max/hexlet',
7 silly cache add   type: 'directory' }
8 verbose addLocalDirectory /home/max/.npm/my-game/0.0.1/package.tgz not in flight; packing
9 verbose correctMkdir /home/max/.npm correctMkdir not in flight; initializing
10 info lifecycle my-game@0.0.1~prepublish: my-game@0.0.1
11 warn lifecycle my-game@0.0.1~prepublish: cannot run in wd %s %s (wd=%s) my-game@0.0.1 npm run build /home/max/hexlet
12 verbose tar pack [ '/home/max/.npm/my-game/0.0.1/package.tgz',
12 verbose tar pack   '/home/max/hexlet' ]
13 verbose tarball /home/max/.npm/my-game/0.0.1/package.tgz
14 verbose folder /home/max/hexlet
15 verbose addLocalTarball adding from inside cache /home/max/.npm/my-game/0.0.1/package.tgz
16 verbose correctMkdir /home/max/.npm correctMkdir not in flight; initializing
17 silly cache afterAdd my-game@0.0.1
18 verbose afterAdd /home/max/.npm/my-game/0.0.1/package/package.json not in flight; writing
19 verbose correctMkdir /home/max/.npm correctMkdir not in flight; initializing
20 verbose afterAdd /home/max/.npm/my-game/0.0.1/package/package.json written
21 silly publish { name: 'my-game',
21 silly publish   version: '0.0.1',
21 silly publish   description: '...',
21 silly publish   main: 'brain-game.js',
21 silly publish   scripts:
21 silly publish    { test: 'echo "Error: no test specified" && exit 1',
21 silly publish      'babel-node': 'babel-node',
21 silly publish      build: 'NODE_ENV=production babel src --out-dir dist --source-maps inline',
21 silly publish      prepublish: 'npm run build' },
21 silly publish   bin: { 'brain-game': 'dist/bin/brain-game.js' },
21 silly publish   devDependencies:
21 silly publish    { 'babel-cli': '^6.24.1',
21 silly publish      'babel-core': '^6.25.0',
21 silly publish      'babel-preset-env': '^1.6.0',
21 silly publish      'babel-preset-stage-0': '^6.24.1' },
21 silly publish   author: { name: 'max' },
21 silly publish   license: 'ISC',
21 silly publish   gitHead: '5597e30baf9e3d79006ba67b781605346897da1b',
21 silly publish   readme: 'ERROR: No README data found!',
21 silly publish   _id: 'my-game@0.0.1',
21 silly publish   _shasum: '5991f1fb259a329ddc8c52cd4307cbd4a22afb57',
21 silly publish   _from: '.' }
22 verbose getPublishConfig undefined
23 silly mapToRegistry name my-game
24 silly mapToRegistry using default registry
25 silly mapToRegistry registry https://registry.npmjs.org/
26 silly mapToRegistry data Result {
26 silly mapToRegistry   raw: 'my-game',
26 silly mapToRegistry   scope: null,
26 silly mapToRegistry   escapedName: 'my-game',
26 silly mapToRegistry   name: 'my-game',
26 silly mapToRegistry   rawSpec: '',
26 silly mapToRegistry   spec: 'latest',
26 silly mapToRegistry   type: 'tag' }
27 silly mapToRegistry uri https://registry.npmjs.org/my-game
28 verbose publish registryBase https://registry.npmjs.org/
29 silly publish uploading /home/max/.npm/my-game/0.0.1/package.tgz
30 verbose request uri https://registry.npmjs.org/my-game
31 verbose request sending authorization for write operation
32 info attempt registry request try #1 at 16:09:16
33 verbose request using bearer token for auth
34 verbose request id c30820ff8296cca1
35 http request PUT https://registry.npmjs.org/my-game
36 http 403 https://registry.npmjs.org/my-game
37 verbose headers { 'content-type': 'application/json',
37 verbose headers   'cache-control': 'max-age=300',
37 verbose headers   'content-length': '128',
37 verbose headers   'accept-ranges': 'bytes',
37 verbose headers   date: 'Wed, 05 Jul 2017 13:09:17 GMT',
37 verbose headers   via: '1.1 varnish',
37 verbose headers   connection: 'keep-alive',
37 verbose headers   'x-served-by': 'cache-hhn1525-HHN',
37 verbose headers   'x-cache': 'MISS',
37 verbose headers   'x-cache-hits': '0',
37 verbose headers   'x-timer': 'S1499260156.454399,VS0,VE1024',
37 verbose headers   vary: 'Accept-Encoding' }
38 verbose request invalidating /home/max/.npm/registry.npmjs.org/my-game on PUT
39 error publish Failed PUT 403
40 verbose stack Error: "You cannot publish over the previously published version 0.0.1. Try bumping the version to 1.0.0" : my-game
40 verbose stack     at makeError (/usr/lib/node_modules/npm/node_modules/npm-registry-client/lib/request.js:302:12)
40 verbose stack     at CachingRegistryClient.<anonymous> (/usr/lib/node_modules/npm/node_modules/npm-registry-client/lib/request.js:290:14)
40 verbose stack     at Request._callback (/usr/lib/node_modules/npm/node_modules/npm-registry-client/lib/request.js:210:14)
40 verbose stack     at Request.self.callback (/usr/lib/node_modules/npm/node_modules/request/request.js:187:22)
40 verbose stack     at emitTwo (events.js:106:13)
40 verbose stack     at Request.emit (events.js:191:7)
40 verbose stack     at Request.<anonymous> (/usr/lib/node_modules/npm/node_modules/request/request.js:1048:10)
40 verbose stack     at emitOne (events.js:96:13)
40 verbose stack     at Request.emit (events.js:188:7)
40 verbose stack     at IncomingMessage.<anonymous> (/usr/lib/node_modules/npm/node_modules/request/request.js:969:12)
41 verbose statusCode 403
42 verbose pkgid my-game
43 verbose cwd /home/max/hexlet
44 error Linux 4.4.0-53-generic
45 error argv "/usr/bin/nodejs" "/usr/bin/npm" "publish"
46 error node v6.11.0
47 error npm  v3.10.10
48 error code E403
49 error "You cannot publish over the previously published version 0.0.1. Try bumping the version to 1.0.0" : my-game
50 error If you need help, you may report this error at:
50 error     <https://github.com/npm/npm/issues>
51 verbose exit [ 1, true ]
